T5144 040:370.116   SEGGER J-Link V7.52a Log File
T5144 040:370.215   DLL Compiled: Jul 28 2021 11:08:12
T5144 040:370.247   Logging started @ 2024-03-13 22:40
T5144 040:370.272 - 9033.023ms
T5144 040:373.125 JLINK_ExecCommand("Device = AT91SAM4S8B", ...). 
T5144 040:373.374   Device "ATSAM4S8B" selected.
T5144 040:374.072 - 0.925ms returns 0x00
T0E34 040:632.361 JLINK_EMU_GetList(InterfaceMask = 0x00000001, MaxInfos = 0x00000032) 
T0E34 040:633.047   [0]: USB, S/N: 801002395
T0E34 040:633.107 - 0.758ms returns 1
T0E34 040:633.184 JLINK_EMU_GetList(InterfaceMask = 0x00000002, MaxInfos = 0x00000032) 
T0E34 040:657.299 - 24.175ms returns 0
T5144 040:750.436 JLINK_TIF_Select(JLINKARM_TIF_SWD)
T5144 040:750.969 - 0.598ms returns 0x00
T5144 040:751.832 JLINK_SetSpeed(4000)
T5144 040:751.902 - 0.096ms
T5144 040:751.939 JLINK_ResetPullsRESET(OFF)
T5144 040:751.954 - 0.024ms
T5144 040:751.971 JLINK_Connect()
T5144 040:752.807   Found SW-DP with ID 0x2BA01477
T5144 040:755.538   DPIDR: 0x2BA01477
T5144 040:755.631   Scanning AP map to find all available APs
T5144 040:756.193   AP[1]: Stopped AP scan as end of AP map has been reached
T5144 040:756.244   AP[0]: AHB-AP (IDR: 0x24770011)
T5144 040:756.321   Iterating through AP map to find AHB-AP to use
T5144 040:757.314   AP[0]: Core found
T5144 040:757.370   AP[0]: AHB-AP ROM base: 0xE00FF000
T5144 040:757.809   CPUID register: 0x410FC241. Implementer code: 0x41 (ARM)
T5144 040:757.843   Found Cortex-M4 r0p1, Little endian.
T5144 040:859.695   -- Max. mem block: 0x000013E0
T5144 040:859.992   CPU_ReadMem(4 bytes @ 0xE000EDF0)
T5144 040:860.528   CPU_WriteMem(4 bytes @ 0xE000EDF0)
T5144 040:861.363   CPU_ReadMem(4 bytes @ 0xE0002000)
T5144 040:862.071   FPUnit: 6 code (BP) slots and 2 literal slots
T5144 040:862.121   CPU_ReadMem(4 bytes @ 0xE000EDFC)
T5144 040:862.644   CPU_WriteMem(4 bytes @ 0xE000EDFC)
T5144 040:863.183   CPU_ReadMem(4 bytes @ 0xE0001000)
T5144 040:863.701   CPU_WriteMem(4 bytes @ 0xE0001000)
T5144 040:864.198   CPU_ReadMem(4 bytes @ 0xE000ED88)
T5144 040:864.735   CPU_WriteMem(4 bytes @ 0xE000ED88)
T5144 040:865.264   CPU_ReadMem(4 bytes @ 0xE000ED88)
T5144 040:865.762   CPU_WriteMem(4 bytes @ 0xE000ED88)
T5144 040:866.294   CoreSight components:
T5144 040:866.358   ROMTbl[0] @ E00FF000
T5144 040:866.382   CPU_ReadMem(64 bytes @ 0xE00FF000)
T5144 040:867.233   CPU_ReadMem(32 bytes @ 0xE000EFE0)
T5144 040:867.907   ROMTbl[0][0]: E000E000, CID: B105E00D, PID: 000BB000 SCS
T5144 040:867.940   CPU_ReadMem(32 bytes @ 0xE0001FE0)
T5144 040:868.551   ROMTbl[0][1]: E0001000, CID: B105E00D, PID: 003BB002 DWT
T5144 040:868.597   CPU_ReadMem(32 bytes @ 0xE0002FE0)
T5144 040:869.203   ROMTbl[0][2]: E0002000, CID: B105E00D, PID: 002BB003 FPB
T5144 040:869.237   CPU_ReadMem(32 bytes @ 0xE0000FE0)
T5144 040:869.797   ROMTbl[0][3]: E0000000, CID: B105E00D, PID: 003BB001 ITM
T5144 040:869.830   CPU_ReadMem(32 bytes @ 0xE0040FE0)
T5144 040:870.399   ROMTbl[0][4]: E0040000, CID: B105900D, PID: 000BB9A1 TPIU
T5144 040:870.441 - 118.479ms returns 0x00
T5144 040:870.525 JLINK_Halt()
T5144 040:873.799 - 3.308ms returns 0x00
T5144 040:874.220 JLINK_BeginDownload(Flags = 0x00000000)
T5144 040:874.246 - 0.031ms
T5144 040:874.304 JLINK_WriteMem(0x400E0A04, 0x4 Bytes, ...)
T5144 040:874.318   Data:  0B 01 00 5A
T5144 040:874.548   CPU_WriteMem(4 bytes @ 0x400E0A04)
T5144 040:874.904 - 0.619ms returns 0x4
T5144 040:874.977 JLINK_EndDownload()
T5144 040:874.993 - 0.022ms returns 0 (0x0)
T5144 040:875.007 JLINK_ReadMemHW(0x400E0A08, 0x0004 Bytes, ...)
T5144 040:875.023   CPU_ReadMem(4 bytes @ 0x400E0A08)
T5144 040:875.346   Data:  01 00 00 00
T5144 040:875.370 - 0.370ms returns 0
T5144 040:875.408 JLINK_SetResetType(JLINKARM_CM3_RESET_TYPE_NORMAL)
T5144 040:875.422 - 0.020ms returns JLINKARM_CM3_RESET_TYPE_NORMAL
T5144 040:875.435 JLINK_Reset()
T5144 040:875.765   CPU_ReadMem(16 bytes @ 0x20000000)
T5144 040:876.268   CPU_WriteMem(16 bytes @ 0x20000000)
T5144 040:876.819   CPU_ReadMem(4 bytes @ 0xE000EDFC)
T5144 040:877.142   CPU_WriteMem(4 bytes @ 0xE000EDFC)
T5144 040:877.620   CPU_ReadMem(4 bytes @ 0xE0001000)
T5144 040:892.874   CPU_WriteMem(4 bytes @ 0xE000EDFC)
T5144 040:893.556   CPU_WriteMem(16 bytes @ 0x20000000)
T5144 040:897.381   CPU_WriteMem(4 bytes @ 0xE0002000)
T5144 040:897.939   CPU_ReadMem(4 bytes @ 0xE000EDFC)
T5144 040:898.459   CPU_ReadMem(4 bytes @ 0xE0001000)
T5144 040:898.979 - 23.565ms
T5144 040:900.951 JLINK_JTAG_GetDeviceID(DeviceIndex = 0)
T5144 040:900.977 - 0.035ms returns 0
T5144 040:900.997 JLINK_ReadMemU32(0x400E0740, 0x1 Items)
T5144 040:901.018   CPU_ReadMem(4 bytes @ 0x400E0740)
T5144 040:901.422   Data:  E0 0A 9C 28
T5144 040:901.467 - 0.476ms returns 1 (0x1)
T5144 040:901.504 JLINK_ReadMemU32(0x400E0744, 0x1 Items)
T5144 040:901.546   CPU_ReadMem(4 bytes @ 0x400E0744)
T5144 040:901.929   Data:  00 00 00 00
T5144 040:901.966 - 0.467ms returns 1 (0x1)
T5144 040:902.079 JLINK_BeginDownload(Flags = 0x00000000)
T5144 040:902.097 - 0.024ms
T5144 040:902.118 JLINK_WriteMem(0x400E0A04, 0x4 Bytes, ...)
T5144 040:902.136   Data:  05 00 00 5A
T5144 040:902.185   CPU_WriteMem(4 bytes @ 0x400E0A04)
T5144 040:902.653 - 0.557ms returns 0x4
T5144 040:902.707 JLINK_EndDownload()
T5144 040:902.733 - 0.031ms returns 0 (0x0)
T5144 040:902.746 JLINK_ReadMemHW(0x400E0A08, 0x0004 Bytes, ...)
T5144 040:902.761   CPU_ReadMem(4 bytes @ 0x400E0A08)
T5144 040:903.158   Data:  00 00 00 00
T5144 040:903.198 - 0.458ms returns 0
T5144 040:909.574 JLINK_ReadMemHW(0x400E0A08, 0x0004 Bytes, ...)
T5144 040:909.638   CPU_ReadMem(4 bytes @ 0x400E0A08)
T5144 040:910.103   Data:  00 00 00 00
T5144 040:910.125 - 0.556ms returns 0
T366C 040:911.545 JLINK_IsHalted()
T366C 040:911.568 - 0.029ms returns TRUE
T366C 040:911.583 JLINK_GetMOEs(...)
T366C 040:911.597   CPU_ReadMem(4 bytes @ 0xE000ED30)
T366C 040:912.087 - 0.512ms returns 0x01
T366C 040:912.105 JLINK_ReadReg(R15 (PC))
T366C 040:912.119 - 0.021ms returns 0x00402B18
T5144 040:916.222 JLINK_ReadMemHW(0x400E0A08, 0x0004 Bytes, ...)
T5144 040:916.282   CPU_ReadMem(4 bytes @ 0x400E0A08)
T5144 040:916.705   Data:  00 00 00 00
T5144 040:916.742 - 0.526ms returns 0
T5144 040:932.318 JLINK_ReadMemHW(0x400E0A08, 0x0004 Bytes, ...)
T5144 040:932.407   CPU_ReadMem(4 bytes @ 0x400E0A08)
T5144 040:932.914   Data:  00 00 00 00
T5144 040:932.955 - 0.644ms returns 0
T5144 041:000.143 JLINK_ReadMemHW(0x400E0A08, 0x0004 Bytes, ...)
T5144 041:000.307   CPU_ReadMem(4 bytes @ 0x400E0A08)
T5144 041:000.941   Data:  00 00 00 00
T5144 041:001.051 - 0.927ms returns 0
T366C 041:116.202 JLINK_IsHalted()
T366C 041:116.348 - 0.167ms returns TRUE
T5144 041:257.243 JLINK_ReadMemHW(0x400E0A08, 0x0004 Bytes, ...)
T5144 041:257.431   CPU_ReadMem(4 bytes @ 0x400E0A08)
T5144 041:258.130   Data:  00 00 00 00
T5144 041:258.251 - 1.028ms returns 0
T366C 041:316.912 JLINK_IsHalted()
T366C 041:317.080 - 0.189ms returns TRUE
T366C 041:519.841 JLINK_IsHalted()
T366C 041:520.514 - 0.725ms returns TRUE
T0E34 041:682.912 JLINK_EMU_GetList(InterfaceMask = 0x00000001, MaxInfos = 0x00000032) 
T0E34 041:683.457   [0]: USB, S/N: 801002395
T0E34 041:683.488 - 0.582ms returns 1
T0E34 041:683.560 JLINK_EMU_GetList(InterfaceMask = 0x00000002, MaxInfos = 0x00000032) 
T0E34 041:706.868 - 23.423ms returns 0
T366C 041:720.075 JLINK_IsHalted()
T366C 041:720.150 - 0.082ms returns TRUE
T366C 041:920.437 JLINK_IsHalted()
T366C 041:920.587 - 0.170ms returns TRUE
T366C 042:122.895 JLINK_IsHalted()
T366C 042:123.539 - 0.707ms returns TRUE
T5144 042:260.658 JLINK_ReadMemHW(0x400E0A08, 0x0004 Bytes, ...)
T5144 042:260.821   CPU_ReadMem(4 bytes @ 0x400E0A08)
T5144 042:261.460   Data:  00 00 00 00
T5144 042:261.609 - 0.974ms returns 0
T5144 042:261.882 JLINK_ReadMemHW(0x400E0A08, 0x0004 Bytes, ...)
T5144 042:261.960   CPU_ReadMem(4 bytes @ 0x400E0A08)
T5144 042:262.559   Data:  00 00 00 00
T5144 042:262.681 - 0.823ms returns 0
T5144 042:263.650 JLINK_ReadMemHW(0x400E0A08, 0x0004 Bytes, ...)
T5144 042:263.767   CPU_ReadMem(4 bytes @ 0x400E0A08)
T5144 042:264.386   Data:  00 00 00 00
T5144 042:264.604 - 0.973ms returns 0
T5144 042:270.847 JLINK_ReadMemHW(0x400E0A08, 0x0004 Bytes, ...)
T5144 042:271.009   CPU_ReadMem(4 bytes @ 0x400E0A08)
T5144 042:271.637   Data:  00 00 00 00
T5144 042:271.754 - 0.927ms returns 0
T5144 042:288.622 JLINK_ReadMemHW(0x400E0A08, 0x0004 Bytes, ...)
T5144 042:288.785   CPU_ReadMem(4 bytes @ 0x400E0A08)
T5144 042:289.389   Data:  00 00 00 00
T5144 042:289.502 - 0.901ms returns 0
T366C 042:324.061 JLINK_IsHalted()
T366C 042:324.195 - 0.154ms returns TRUE
T5144 042:354.549 JLINK_ReadMemHW(0x400E0A08, 0x0004 Bytes, ...)
T5144 042:354.712   CPU_ReadMem(4 bytes @ 0x400E0A08)
T5144 042:355.297   Data:  00 00 00 00
T5144 042:355.416 - 0.888ms returns 0
T366C 042:524.178 JLINK_IsHalted()
T366C 042:524.326 - 0.167ms returns TRUE
T5144 042:613.213 JLINK_ReadMemHW(0x400E0A08, 0x0004 Bytes, ...)
T5144 042:613.381   CPU_ReadMem(4 bytes @ 0x400E0A08)
T5144 042:614.058   Data:  00 00 00 00
T5144 042:614.203 - 1.010ms returns 0
T366C 042:725.179 JLINK_IsHalted()
T366C 042:725.702 - 0.551ms returns TRUE
T0E34 042:734.539 JLINK_EMU_GetList(InterfaceMask = 0x00000001, MaxInfos = 0x00000032) 
T0E34 042:735.047   [0]: USB, S/N: 801002395
T0E34 042:735.074 - 0.541ms returns 1
T0E34 042:735.142 JLINK_EMU_GetList(InterfaceMask = 0x00000002, MaxInfos = 0x00000032) 
T0E34 042:759.027 - 23.960ms returns 0
T366C 042:927.303 JLINK_IsHalted()
T366C 042:927.461 - 0.185ms returns TRUE
T366C 043:127.491 JLINK_IsHalted()
T366C 043:127.699 - 0.235ms returns TRUE
T366C 043:330.513 JLINK_IsHalted()
T366C 043:331.312 - 0.891ms returns TRUE
T366C 043:531.319 JLINK_IsHalted()
T366C 043:531.515 - 0.218ms returns TRUE
T5144 043:618.554 JLINK_ReadMemHW(0x400E0A08, 0x0004 Bytes, ...)
T5144 043:618.728   CPU_ReadMem(4 bytes @ 0x400E0A08)
T5144 043:619.364   Data:  00 00 00 00
T5144 043:619.484 - 0.952ms returns 0
T5144 043:619.709 JLINK_ReadMemHW(0x400E0A08, 0x0004 Bytes, ...)
T5144 043:619.778   CPU_ReadMem(4 bytes @ 0x400E0A08)
T5144 043:620.411   Data:  00 00 00 00
T5144 043:620.547 - 0.861ms returns 0
T5144 043:622.582 JLINK_ReadMemHW(0x400E0A08, 0x0004 Bytes, ...)
T5144 043:622.762   CPU_ReadMem(4 bytes @ 0x400E0A08)
T5144 043:623.430   Data:  00 00 00 00
T5144 043:623.556 - 0.995ms returns 0
T5144 043:627.571 JLINK_ReadMemHW(0x400E0A08, 0x0004 Bytes, ...)
T5144 043:627.739   CPU_ReadMem(4 bytes @ 0x400E0A08)
T5144 043:628.366   Data:  00 00 00 00
T5144 043:628.487 - 0.937ms returns 0
T5144 043:648.352 JLINK_ReadMemHW(0x400E0A08, 0x0004 Bytes, ...)
T5144 043:648.558   CPU_ReadMem(4 bytes @ 0x400E0A08)
T5144 043:649.198   Data:  00 00 00 00
T5144 043:649.329 - 0.998ms returns 0
T5144 043:715.326 JLINK_ReadMemHW(0x400E0A08, 0x0004 Bytes, ...)
T5144 043:715.549   CPU_ReadMem(4 bytes @ 0x400E0A08)
T5144 043:716.241   Data:  00 00 00 00
T5144 043:716.375 - 1.073ms returns 0
T366C 043:731.894 JLINK_IsHalted()
T366C 043:732.082 - 0.213ms returns TRUE
T0E34 043:785.468 JLINK_EMU_GetList(InterfaceMask = 0x00000001, MaxInfos = 0x00000032) 
T0E34 043:785.969   [0]: USB, S/N: 801002395
T0E34 043:785.997 - 0.535ms returns 1
T0E34 043:786.049 JLINK_EMU_GetList(InterfaceMask = 0x00000002, MaxInfos = 0x00000032) 
T0E34 043:809.655 - 23.640ms returns 0
T366C 043:932.828 JLINK_IsHalted()
T366C 043:933.540 - 0.791ms returns TRUE
T5144 043:973.418 JLINK_ReadMemHW(0x400E0A08, 0x0004 Bytes, ...)
T5144 043:973.591   CPU_ReadMem(4 bytes @ 0x400E0A08)
T5144 043:974.236   Data:  00 00 00 00
T5144 043:974.357 - 0.961ms returns 0
T366C 044:137.450 JLINK_IsHalted()
T366C 044:137.598 - 0.172ms returns TRUE
T366C 044:339.008 JLINK_IsHalted()
T366C 044:339.172 - 0.186ms returns TRUE
T366C 044:539.420 JLINK_IsHalted()
T366C 044:540.123 - 0.780ms returns TRUE
T366C 044:740.216 JLINK_IsHalted()
T366C 044:740.381 - 0.191ms returns TRUE
T0E34 044:842.487 JLINK_EMU_GetList(InterfaceMask = 0x00000001, MaxInfos = 0x00000032) 
T0E34 044:843.027   [0]: USB, S/N: 801002395
T0E34 044:843.061 - 0.579ms returns 1
T0E34 044:843.124 JLINK_EMU_GetList(InterfaceMask = 0x00000002, MaxInfos = 0x00000032) 
T0E34 044:866.453 - 23.370ms returns 0
T366C 044:942.060 JLINK_IsHalted()
T366C 044:942.201 - 0.163ms returns TRUE
T5144 044:974.835 JLINK_ReadMemHW(0x400E0A08, 0x0004 Bytes, ...)
T5144 044:975.016   CPU_ReadMem(4 bytes @ 0x400E0A08)
T5144 044:975.660   Data:  00 00 00 00
T5144 044:975.783 - 0.969ms returns 0
T5144 044:976.004 JLINK_ReadMemHW(0x400E0A08, 0x0004 Bytes, ...)
T5144 044:976.073   CPU_ReadMem(4 bytes @ 0x400E0A08)
T5144 044:976.771   Data:  00 00 00 00
T5144 044:976.891 - 0.907ms returns 0
T5144 044:979.699 JLINK_ReadMemHW(0x400E0A08, 0x0004 Bytes, ...)
T5144 044:979.874   CPU_ReadMem(4 bytes @ 0x400E0A08)
T5144 044:980.545   Data:  00 00 00 00
T5144 044:980.667 - 0.993ms returns 0
T5144 044:985.036 JLINK_ReadMemHW(0x400E0A08, 0x0004 Bytes, ...)
T5144 044:985.200   CPU_ReadMem(4 bytes @ 0x400E0A08)
T5144 044:985.861   Data:  00 00 00 00
T5144 044:985.983 - 0.968ms returns 0
T5144 045:004.588 JLINK_ReadMemHW(0x400E0A08, 0x0004 Bytes, ...)
T5144 045:004.767   CPU_ReadMem(4 bytes @ 0x400E0A08)
T5144 045:005.453   Data:  00 00 00 00
T5144 045:005.582 - 1.016ms returns 0
T5144 045:072.053 JLINK_ReadMemHW(0x400E0A08, 0x0004 Bytes, ...)
T5144 045:072.224   CPU_ReadMem(4 bytes @ 0x400E0A08)
T5144 045:072.912   Data:  00 00 00 00
T5144 045:073.038 - 1.006ms returns 0
T366C 045:143.130 JLINK_IsHalted()
T366C 045:143.871 - 0.819ms returns TRUE
T5144 045:329.994 JLINK_ReadMemHW(0x400E0A08, 0x0004 Bytes, ...)
T5144 045:330.182   CPU_ReadMem(4 bytes @ 0x400E0A08)
T5144 045:330.869   Data:  00 00 00 00
T5144 045:330.990 - 1.018ms returns 0
T366C 045:344.401 JLINK_IsHalted()
T366C 045:344.564 - 0.185ms returns TRUE
T366C 045:545.085 JLINK_IsHalted()
T366C 045:545.321 - 0.276ms returns TRUE
T366C 045:746.901 JLINK_IsHalted()
T366C 045:747.634 - 0.812ms returns TRUE
T0E34 045:895.727 JLINK_EMU_GetList(InterfaceMask = 0x00000001, MaxInfos = 0x00000032) 
T0E34 045:896.273   [0]: USB, S/N: 801002395
T0E34 045:896.305 - 0.584ms returns 1
T0E34 045:896.378 JLINK_EMU_GetList(InterfaceMask = 0x00000002, MaxInfos = 0x00000032) 
T0E34 045:919.323 - 22.983ms returns 0
T366C 045:949.125 JLINK_IsHalted()
T366C 045:949.236 - 0.125ms returns TRUE
T366C 046:152.403 JLINK_IsHalted()
T366C 046:152.486 - 0.091ms returns TRUE
T5144 046:332.035 JLINK_ReadMemHW(0x400E0A08, 0x0004 Bytes, ...)
T5144 046:332.222   CPU_ReadMem(4 bytes @ 0x400E0A08)
T5144 046:332.988   Data:  00 00 00 00
T5144 046:333.163 - 1.152ms returns 0
T5144 046:333.418 JLINK_ReadMemHW(0x400E0A08, 0x0004 Bytes, ...)
T5144 046:333.496   CPU_ReadMem(4 bytes @ 0x400E0A08)
T5144 046:334.221   Data:  00 00 00 00
T5144 046:334.371 - 0.979ms returns 0
T5144 046:336.660 JLINK_ReadMemHW(0x400E0A08, 0x0004 Bytes, ...)
T5144 046:336.833   CPU_ReadMem(4 bytes @ 0x400E0A08)
T5144 046:337.497   Data:  00 00 00 00
T5144 046:337.651 - 1.015ms returns 0
T5144 046:342.167 JLINK_ReadMemHW(0x400E0A08, 0x0004 Bytes, ...)
T5144 046:342.341   CPU_ReadMem(4 bytes @ 0x400E0A08)
T5144 046:343.004   Data:  00 00 00 00
T5144 046:343.126 - 0.980ms returns 0
T366C 046:353.712 JLINK_IsHalted()
T366C 046:354.462 - 0.827ms returns TRUE
T5144 046:362.375 JLINK_ReadMemHW(0x400E0A08, 0x0004 Bytes, ...)
T5144 046:362.545   CPU_ReadMem(4 bytes @ 0x400E0A08)
T5144 046:363.210   Data:  00 00 00 00
T5144 046:363.331 - 0.978ms returns 0
T5144 046:428.378 JLINK_ReadMemHW(0x400E0A08, 0x0004 Bytes, ...)
T5144 046:428.549   CPU_ReadMem(4 bytes @ 0x400E0A08)
T5144 046:429.170   Data:  00 00 00 00
T5144 046:429.292 - 0.936ms returns 0
T366C 046:559.372 JLINK_IsHalted()
T366C 046:559.455 - 0.092ms returns TRUE
T5144 046:688.013 JLINK_ReadMemHW(0x400E0A08, 0x0004 Bytes, ...)
T5144 046:688.102   CPU_ReadMem(4 bytes @ 0x400E0A08)
T5144 046:688.522   Data:  01 00 00 00
T5144 046:688.578 - 0.572ms returns 0
T366C 046:760.623 JLINK_IsHalted()
T366C 046:760.707 - 0.093ms returns TRUE
T5144 046:761.448 JLINK_ResetPullsRESET(ON)
T5144 046:761.489 - 0.051ms
T5144 046:761.509 JLINK_ResetNoHalt()
T5144 046:762.720   Found SW-DP with ID 0x2BA01477
T5144 046:766.048   DPIDR: 0x2BA01477
T5144 046:766.118   AP map detection skipped. Manually configured AP map found.
T5144 046:766.152   AP[0]: AHB-AP (IDR: Not set)
T5144 046:767.148   AP[0]: Core found
T5144 046:767.187   AP[0]: AHB-AP ROM base: 0xE00FF000
T5144 046:767.771   CPUID register: 0x410FC241. Implementer code: 0x41 (ARM)
T5144 046:767.811   Found Cortex-M4 r0p1, Little endian.
T5144 046:868.496   -- Max. mem block: 0x000012D8
T5144 046:868.595   CPU_ReadMem(4 bytes @ 0xE000EDF0)
T5144 046:869.102   CPU_ReadMem(4 bytes @ 0xE0002000)
T5144 046:869.777   FPUnit: 6 code (BP) slots and 2 literal slots
T5144 046:869.825   CPU_ReadMem(4 bytes @ 0xE000EDFC)
T5144 046:870.424   CPU_ReadMem(4 bytes @ 0xE0001000)
T5144 046:870.926   CPU_ReadMem(4 bytes @ 0xE000ED88)
T5144 046:871.377   CPU_WriteMem(4 bytes @ 0xE000ED88)
T5144 046:871.978   CPU_ReadMem(4 bytes @ 0xE000ED88)
T5144 046:872.496   CPU_WriteMem(4 bytes @ 0xE000ED88)
T5144 046:873.146   CoreSight components:
T5144 046:873.210   ROMTbl[0] @ E00FF000
T5144 046:873.246   CPU_ReadMem(64 bytes @ 0xE00FF000)
T5144 046:874.088   CPU_ReadMem(32 bytes @ 0xE000EFE0)
T5144 046:874.814   ROMTbl[0][0]: E000E000, CID: B105E00D, PID: 000BB000 SCS
T5144 046:874.851   CPU_WriteMem(4 bytes @ 0xE0001000)
T5144 046:875.448   CPU_ReadMem(32 bytes @ 0xE0001FE0)
T5144 046:876.103   ROMTbl[0][1]: E0001000, CID: B105E00D, PID: 003BB002 DWT
T5144 046:876.123   CPU_ReadMem(32 bytes @ 0xE0002FE0)
T5144 046:876.880   ROMTbl[0][2]: E0002000, CID: B105E00D, PID: 002BB003 FPB
T5144 046:876.916   CPU_ReadMem(32 bytes @ 0xE0000FE0)
T5144 046:877.514   ROMTbl[0][3]: E0000000, CID: B105E00D, PID: 003BB001 ITM
T5144 046:877.540   CPU_ReadMem(32 bytes @ 0xE0040FE0)
T5144 046:878.409   ROMTbl[0][4]: E0040000, CID: B105900D, PID: 000BB9A1 TPIU
T5144 046:878.444   JLINK_Reset()
T5144 046:878.758     CPU_ReadMem(16 bytes @ 0x20000000)
T5144 046:879.292     CPU_WriteMem(16 bytes @ 0x20000000)
T5144 046:879.862     CPU_ReadMem(4 bytes @ 0xE000EDFC)
T5144 046:880.302     CPU_WriteMem(4 bytes @ 0xE000EDFC)
T5144 046:880.682     CPU_ReadMem(4 bytes @ 0xE0001000)
T5144 046:881.025     CPU_WriteMem(4 bytes @ 0xE0001004)
T5144 046:896.020     CPU_WriteMem(4 bytes @ 0xE000EDFC)
T5144 046:896.573     CPU_WriteMem(16 bytes @ 0x20000000)
T5144 046:900.497     CPU_WriteMem(4 bytes @ 0xE0002000)
T5144 046:901.006     CPU_ReadMem(4 bytes @ 0xE000EDFC)
T5144 046:901.580     CPU_ReadMem(4 bytes @ 0xE0001000)
T5144 046:902.187   - 23.770ms
T5144 046:902.228   JLINK_Go()
T5144 046:902.253     CPU_ReadMem(4 bytes @ 0xE0001000)
T5144 046:902.750     CPU_WriteMem(4 bytes @ 0xE0001004)
T5144 046:903.980   - 1.773ms
T5144 046:904.010 - 142.507ms
T5144 046:915.520 JLINK_Close()
T5144 046:931.961 - 16.513ms
T5144 046:932.047   
T5144 046:932.073   Closed
